<?xml version="1.0" encoding="UTF-8"?>
<testsuite xmlns:xsi="http://www.w3.org/2001/XMLSchema-instance" xsi:noNamespaceSchemaLocation="https://maven.apache.org/surefire/maven-surefire-plugin/xsd/surefire-test-report-3.0.xsd" version="3.0" name="cl.kibernumacademy.RunCucumberTest" time="13.302" tests="4" errors="0" skipped="0" failures="0">
  <properties>
[...]
</properties>
  <testcase name="Completar datos de Sofia en el formulario usando DataTable" classname="Formulario de datos de Carla" time="4.735">
    <system-out><![CDATA[
Scenario: Completar datos de Sofia en el formulario usando DataTable &amp#27;[90m# features/formulario-usuario.feature:3&amp#27;[0m
Iniciando escenario de prueba....
Iniciando escenario de prueba....
  &amp#27;[32mGiven &amp#27;[0m&amp#27;[32mque el usuario accede al formulario de datos&amp#27;[0m                 &amp#27;[90m# cl.kibernumacademy.steps.FormularioUsuarioSteps.que_el_usuario_accede_al_formulario_de_datos()&amp#27;[0m
Campo: nombre, Valor: Carla
Campo: apellido, Valor: Soto
Campo: email, Valor: carla@qa.com
Campo: edad, Valor: 35
  &amp#27;[32mWhen &amp#27;[0m&amp#27;[32mcompleta los siguientes datos:&amp#27;[0m                                &amp#27;[90m# cl.kibernumacademy.steps.FormularioUsuarioSteps.completa_los_siguientes_datos(io.cucumber.datatable.DataTable)&amp#27;[0m
    | campo    | valor        |
    | nombre   | Carla        |
    | apellido | Soto         |
    | email    | carla@qa.com |
    | edad     | 35           |
Los datos fueron ingresados y enviados correctamente.
  &amp#27;[32mThen &amp#27;[0m&amp#27;[32mlos datos ingresados deben mostrarse correctamente en consola&amp#27;[0m &amp#27;[90m# cl.kibernumacademy.steps.FormularioUsuarioSteps.los_datos_ingresados_deben_mostrarse_correctamente_en_consola()&amp#27;[0m
Finalizando escenario de prueba...
Finalizando escenario de prueba...
]]></system-out>
    <system-err><![CDATA[SLF4J(W): No SLF4J providers were found.
SLF4J(W): Defaulting to no-operation (NOP) logger implementation
SLF4J(W): See https://www.slf4j.org/codes.html#noProviders for further details.
ago 05, 2025 10:08:07 P. M. org.openqa.selenium.devtools.CdpVersionFinder findNearestMatch
ADVERTENCIA: Unable to find CDP implementation matching 138
ago 05, 2025 10:08:07 P. M. org.openqa.selenium.chromium.ChromiumDriver lambda$new$5
ADVERTENCIA: Unable to find version of CDP to use for 138.0.7204.184. You may need to include a dependency on a specific version of the CDP using something similar to `org.seleniumhq.selenium:selenium-devtools-v86:4.11.0` where the version ("v86") matches the version of the chromium-based browser you're using and the version number of the artifact is the same as Selenium's.
ago 05, 2025 10:08:08 P. M. org.openqa.selenium.devtools.CdpVersionFinder findNearestMatch
ADVERTENCIA: Unable to find CDP implementation matching 138
ago 05, 2025 10:08:08 P. M. org.openqa.selenium.chromium.ChromiumDriver lambda$new$5
ADVERTENCIA: Unable to find version of CDP to use for 138.0.7204.184. You may need to include a dependency on a specific version of the CDP using something similar to `org.seleniumhq.selenium:selenium-devtools-v86:4.11.0` where the version ("v86") matches the version of the chromium-based browser you're using and the version number of the artifact is the same as Selenium's.
]]></system-err>
  </testcase>
  <testcase name="Example #1.1" classname="Examples" time="2.776">
    <system-out><![CDATA[
Scenario Outline: Validar transferencias bancarias    &amp#27;[90m# features/transferencias.feature:10&amp#27;[0m
Iniciando escenario de prueba....
Iniciando escenario de prueba....
  &amp#27;[32mGiven &amp#27;[0m&amp#27;[32mque el usuario ha iniciado sesión&amp#27;[0m             &amp#27;[90m# cl.kibernumacademy.steps.FormularioTransferenciaSteps.que_el_usuario_ha_iniciado_sesión()&amp#27;[0m
Monto: 100.0
Cuenta: 123456789
  &amp#27;[32mWhen &amp#27;[0m&amp#27;[32mtransfiere &amp#27;[0m&amp#27;[32m&amp#27;[1m100&amp#27;[0m&amp#27;[32m a la cuenta &amp#27;[0m&amp#27;[32m&amp#27;[1m"123456789"&amp#27;[0m         &amp#27;[90m# cl.kibernumacademy.steps.FormularioTransferenciaSteps.transfiere_a_la_cuenta(java.lang.Double,java.lang.String)&amp#27;[0m
  &amp#27;[32mThen &amp#27;[0m&amp#27;[32mdebería ver el mensaje &amp#27;[0m&amp#27;[32m&amp#27;[1m"Transferencia exitosa"&amp#27;[0m &amp#27;[90m# cl.kibernumacademy.steps.FormularioTransferenciaSteps.debería_ver_el_mensaje(java.lang.String)&amp#27;[0m
Finalizando escenario de prueba...
Finalizando escenario de prueba...
]]></system-out>
    <system-err><![CDATA[ago 05, 2025 10:08:10 P. M. org.openqa.selenium.devtools.CdpVersionFinder findNearestMatch
ADVERTENCIA: Unable to find CDP implementation matching 138
ago 05, 2025 10:08:10 P. M. org.openqa.selenium.chromium.ChromiumDriver lambda$new$5
ADVERTENCIA: Unable to find version of CDP to use for 138.0.7204.184. You may need to include a dependency on a specific version of the CDP using something similar to `org.seleniumhq.selenium:selenium-devtools-v86:4.11.0` where the version ("v86") matches the version of the chromium-based browser you're using and the version number of the artifact is the same as Selenium's.
ago 05, 2025 10:08:11 P. M. org.openqa.selenium.devtools.CdpVersionFinder findNearestMatch
ADVERTENCIA: Unable to find CDP implementation matching 138
ago 05, 2025 10:08:11 P. M. org.openqa.selenium.chromium.ChromiumDriver lambda$new$5
ADVERTENCIA: Unable to find version of CDP to use for 138.0.7204.184. You may need to include a dependency on a specific version of the CDP using something similar to `org.seleniumhq.selenium:selenium-devtools-v86:4.11.0` where the version ("v86") matches the version of the chromium-based browser you're using and the version number of the artifact is the same as Selenium's.
]]></system-err>
  </testcase>
  <testcase name="Example #1.2" classname="Examples" time="2.743">
    <system-out><![CDATA[
Scenario Outline: Validar transferencias bancarias &amp#27;[90m# features/transferencias.feature:11&amp#27;[0m
Iniciando escenario de prueba....
Iniciando escenario de prueba....
  &amp#27;[32mGiven &amp#27;[0m&amp#27;[32mque el usuario ha iniciado sesión&amp#27;[0m          &amp#27;[90m# cl.kibernumacademy.steps.FormularioTransferenciaSteps.que_el_usuario_ha_iniciado_sesión()&amp#27;[0m
Monto: -50.0
Cuenta: 123456789
  &amp#27;[32mWhen &amp#27;[0m&amp#27;[32mtransfiere &amp#27;[0m&amp#27;[32m&amp#27;[1m-50&amp#27;[0m&amp#27;[32m a la cuenta &amp#27;[0m&amp#27;[32m&amp#27;[1m"123456789"&amp#27;[0m      &amp#27;[90m# cl.kibernumacademy.steps.FormularioTransferenciaSteps.transfiere_a_la_cuenta(java.lang.Double,java.lang.String)&amp#27;[0m
  &amp#27;[32mThen &amp#27;[0m&amp#27;[32mdebería ver el mensaje &amp#27;[0m&amp#27;[32m&amp#27;[1m"Monto inválido"&amp#27;[0m     &amp#27;[90m# cl.kibernumacademy.steps.FormularioTransferenciaSteps.debería_ver_el_mensaje(java.lang.String)&amp#27;[0m
Finalizando escenario de prueba...
Finalizando escenario de prueba...
]]></system-out>
    <system-err><![CDATA[ago 05, 2025 10:08:13 P. M. org.openqa.selenium.devtools.CdpVersionFinder findNearestMatch
ADVERTENCIA: Unable to find CDP implementation matching 138
ago 05, 2025 10:08:13 P. M. org.openqa.selenium.chromium.ChromiumDriver lambda$new$5
ADVERTENCIA: Unable to find version of CDP to use for 138.0.7204.184. You may need to include a dependency on a specific version of the CDP using something similar to `org.seleniumhq.selenium:selenium-devtools-v86:4.11.0` where the version ("v86") matches the version of the chromium-based browser you're using and the version number of the artifact is the same as Selenium's.
ago 05, 2025 10:08:14 P. M. org.openqa.selenium.devtools.CdpVersionFinder findNearestMatch
ADVERTENCIA: Unable to find CDP implementation matching 138
ago 05, 2025 10:08:14 P. M. org.openqa.selenium.chromium.ChromiumDriver lambda$new$5
ADVERTENCIA: Unable to find version of CDP to use for 138.0.7204.184. You may need to include a dependency on a specific version of the CDP using something similar to `org.seleniumhq.selenium:selenium-devtools-v86:4.11.0` where the version ("v86") matches the version of the chromium-based browser you're using and the version number of the artifact is the same as Selenium's.
]]></system-err>
  </testcase>
  <testcase name="Example #1.3" classname="Examples" time="2.944">
    <system-out><![CDATA[
Scenario Outline: Validar transferencias bancarias       &amp#27;[90m# features/transferencias.feature:12&amp#27;[0m
Iniciando escenario de prueba....
Iniciando escenario de prueba....
  &amp#27;[32mGiven &amp#27;[0m&amp#27;[32mque el usuario ha iniciado sesión&amp#27;[0m                &amp#27;[90m# cl.kibernumacademy.steps.FormularioTransferenciaSteps.que_el_usuario_ha_iniciado_sesión()&amp#27;[0m
Monto: 100.0
Cuenta: 000000000
  &amp#27;[32mWhen &amp#27;[0m&amp#27;[32mtransfiere &amp#27;[0m&amp#27;[32m&amp#27;[1m100&amp#27;[0m&amp#27;[32m a la cuenta &amp#27;[0m&amp#27;[32m&amp#27;[1m"000000000"&amp#27;[0m            &amp#27;[90m# cl.kibernumacademy.steps.FormularioTransferenciaSteps.transfiere_a_la_cuenta(java.lang.Double,java.lang.String)&amp#27;[0m
  &amp#27;[32mThen &amp#27;[0m&amp#27;[32mdebería ver el mensaje &amp#27;[0m&amp#27;[32m&amp#27;[1m"Cuenta destino no válida"&amp#27;[0m &amp#27;[90m# cl.kibernumacademy.steps.FormularioTransferenciaSteps.debería_ver_el_mensaje(java.lang.String)&amp#27;[0m
Finalizando escenario de prueba...
Finalizando escenario de prueba...
]]></system-out>
    <system-err><![CDATA[ago 05, 2025 10:08:16 P. M. org.openqa.selenium.devtools.CdpVersionFinder findNearestMatch
ADVERTENCIA: Unable to find CDP implementation matching 138
ago 05, 2025 10:08:16 P. M. org.openqa.selenium.chromium.ChromiumDriver lambda$new$5
ADVERTENCIA: Unable to find version of CDP to use for 138.0.7204.184. You may need to include a dependency on a specific version of the CDP using something similar to `org.seleniumhq.selenium:selenium-devtools-v86:4.11.0` where the version ("v86") matches the version of the chromium-based browser you're using and the version number of the artifact is the same as Selenium's.
ago 05, 2025 10:08:17 P. M. org.openqa.selenium.devtools.CdpVersionFinder findNearestMatch
ADVERTENCIA: Unable to find CDP implementation matching 138
ago 05, 2025 10:08:17 P. M. org.openqa.selenium.chromium.ChromiumDriver lambda$new$5
ADVERTENCIA: Unable to find version of CDP to use for 138.0.7204.184. You may need to include a dependency on a specific version of the CDP using something similar to `org.seleniumhq.selenium:selenium-devtools-v86:4.11.0` where the version ("v86") matches the version of the chromium-based browser you're using and the version number of the artifact is the same as Selenium's.
]]></system-err>
  </testcase>
</testsuite>